<?xml version="1.0" encoding="utf-8"?>
<UpgradeLog>
    <Settings>
        <Setting
            Name = "LogFile"
            Value = "vbMiniX.log"
        />
        <Setting
            Name = "GenerateInterfacesForClasses"
            Value = "FALSE"
        />
        <Setting
            Name = "ProjectName"
            Value = "vbMiniX"
        />
        <Setting
            Name = "OutputName"
            Value = "vbMiniX.vbproj"
        />
        <Setting
            Name = "OutputDir"
            Value = "C:\Projects\MiniX DLL Examples\vbNetMiniX_VB5\vbNetMiniX"
        />
        <Setting
            Name = "ProjectPath"
            Value = "C:\Projects\MiniX DLL Examples\vbNetMiniX_VB5\vbMiniX.vbp"
        />
        <Setting
            Name = "MigrateProjectTo"
            Value = "0"
        />
    </Settings>
    <File
        OldPath = "C:\Projects\MiniX DLL Examples\vbNetMiniX_VB5\frmMiniX.frm"
        NewPath = "C:\Projects\MiniX DLL Examples\vbNetMiniX_VB5\vbNetMiniX\frmMiniX.vb"
        FileType = "Form"
        Upgraded = "True"
    >
        <Section Name = "(Layout)" >
            <Issue
                Type = "Design"
                Number = "2038"
                ObjectName = "frmMiniX"
                ObjectType = "Form"
                PME = "ScaleMode"
            >Form property frmMiniX.ScaleMode is not supported.</Issue>
            <Issue
                Type = "Design"
                Number = "2064"
                ObjectName = "picIsoCurve"
                ObjectType = "PictureBox"
                PME = "ScaleMode"
            >PictureBox property picIsoCurve.ScaleMode was not upgraded.</Issue>
            <Issue
                Type = "Design"
                Number = "2064"
                ObjectName = "picMiniXHw"
                ObjectType = "PictureBox"
                PME = "ScaleMode"
            >PictureBox property picMiniXHw.ScaleMode was not upgraded.</Issue>
            <Issue
                Type = "Design"
                Number = "2064"
                ObjectName = "picMiniXLogo"
                ObjectType = "PictureBox"
                PME = "ScaleMode"
            >PictureBox property picMiniXLogo.ScaleMode was not upgraded.</Issue>
            <Issue
                Type = "Design"
                Number = "2064"
                ObjectName = "picAmptekLogo"
                ObjectType = "PictureBox"
                PME = "ScaleMode"
            >PictureBox property picAmptekLogo.ScaleMode was not upgraded.</Issue>
        </Section>
        <Section Name = "Form_QueryUnload" >
            <Issue
                Type = "Runtime"
                Number = "2065"
                ObjectName = "frmMiniX"
                ObjectType = "Form"
                PME = "QueryUnload"
            >Form event frmMiniX.QueryUnload has a new behavior.</Issue>
        </Section>
        <Section Name = "Form_Unload" >
            <Issue
                Type = "Runtime"
                Number = "2065"
                ObjectName = "frmMiniX"
                ObjectType = "Form"
                PME = "Unload"
            >Form event frmMiniX.Unload has a new behavior.</Issue>
        </Section>
    </File>
    <File
        OldPath = "C:\Projects\MiniX DLL Examples\vbNetMiniX_VB5\modXpStyles.bas"
        NewPath = "C:\Projects\MiniX DLL Examples\vbNetMiniX_VB5\vbNetMiniX\modXpStyles.vb"
        FileType = "Module"
        Upgraded = "True"
    >
        <Section Name = "InitCommonControlsEx" >
            <Issue
                Type = "Runtime"
                Number = "1050"
            >Structure tagInitCommonControlsEx may require marshalling attributes to be passed as an argument in this Declare statement.</Issue>
        </Section>
        <Section Name = "InitXpStylesEx" >
            <Issue
                Type = "Compile"
                Number = "1040"
                PME = "LenB"
            >LenB function is not supported.</Issue>
        </Section>
    </File>
    <File
        OldPath = "C:\Projects\MiniX DLL Examples\vbNetMiniX_VB5\modMiniX.bas"
        NewPath = "C:\Projects\MiniX DLL Examples\vbNetMiniX_VB5\vbNetMiniX\modMiniX.vb"
        FileType = "Module"
        Upgraded = "True"
    >
        <Section Name = "ReadMonitor" >
            <Issue
                Type = "Runtime"
                Number = "1050"
            >Structure MiniX_Monitor may require marshalling attributes to be passed as an argument in this Declare statement.</Issue>
        </Section>
        <Section Name = "ReadMiniXSettings" >
            <Issue
                Type = "Runtime"
                Number = "1050"
            >Structure MiniX_Settings may require marshalling attributes to be passed as an argument in this Declare statement.</Issue>
        </Section>
    </File>
    <File
        OldPath = "C:\Projects\MiniX DLL Examples\vbNetMiniX_VB5\XpRes\vbMiniX.res"
        NewPath = "C:\Projects\MiniX DLL Examples\vbNetMiniX_VB5\vbNetMiniX\ProjectResources.resX"
        FileType = "Resource File"
        Upgraded = "True"
    />
</UpgradeLog>

